c:\users\kay\source\repos\gat350-physics\build\build_files\obj\x64\debug\gat350-physics\vc143.pdb
c:\users\kay\source\repos\gat350-physics\build\build_files\obj\x64\debug\gat350-physics\vc143.idb
c:\users\kay\source\repos\gat350-physics\build\build_files\obj\x64\debug\gat350-physics\trigonometry_scene.obj
c:\users\kay\source\repos\gat350-physics\build\build_files\obj\x64\debug\gat350-physics\scene.obj
c:\users\kay\source\repos\gat350-physics\build\build_files\obj\x64\debug\gat350-physics\main.obj
c:\users\kay\source\repos\gat350-physics\build\build_files\obj\x64\debug\gat350-physics\scene_camera.obj
c:\users\kay\source\repos\gat350-physics\build\build_files\obj\x64\debug\gat350-physics\polarscene.obj
c:\users\kay\source\repos\gat350-physics\build\build_files\obj\x64\debug\gat350-physics\vector_scene.obj
c:\users\kay\source\repos\gat350-physics\build\build_files\obj\x64\debug\gat350-physics\world.obj
c:\users\kay\source\repos\gat350-physics\build\build_files\obj\x64\debug\gat350-physics\gui.obj
c:\users\kay\source\repos\gat350-physics\build\build_files\obj\x64\debug\gat350-physics\spring_scene.obj
c:\users\kay\source\repos\gat350-physics\build\build_files\obj\x64\debug\gat350-physics\spring.obj
c:\users\kay\source\repos\gat350-physics\build\build_files\obj\x64\debug\gat350-physics\grav.obj
c:\users\kay\source\repos\gat350-physics\build\build_files\obj\x64\debug\gat350-physics\body.obj
c:\users\kay\source\repos\gat350-physics\build\build_files\obj\x64\debug\gat350-physics\gat350-physics.ilk
c:\users\kay\source\repos\gat350-physics\build\build_files\obj\x64\debug\gat350-physics\gat350-physics.tlog\cl.command.1.tlog
c:\users\kay\source\repos\gat350-physics\build\build_files\obj\x64\debug\gat350-physics\gat350-physics.tlog\cl.items.tlog
c:\users\kay\source\repos\gat350-physics\build\build_files\obj\x64\debug\gat350-physics\gat350-physics.tlog\cl.read.1.tlog
c:\users\kay\source\repos\gat350-physics\build\build_files\obj\x64\debug\gat350-physics\gat350-physics.tlog\cl.write.1.tlog
c:\users\kay\source\repos\gat350-physics\build\build_files\obj\x64\debug\gat350-physics\gat350-physics.tlog\link.7956-cvtres.read.1.tlog
c:\users\kay\source\repos\gat350-physics\build\build_files\obj\x64\debug\gat350-physics\gat350-physics.tlog\link.7956-cvtres.write.1.tlog
c:\users\kay\source\repos\gat350-physics\build\build_files\obj\x64\debug\gat350-physics\gat350-physics.tlog\link.7956-rc.read.1.tlog
c:\users\kay\source\repos\gat350-physics\build\build_files\obj\x64\debug\gat350-physics\gat350-physics.tlog\link.7956-rc.write.1.tlog
c:\users\kay\source\repos\gat350-physics\build\build_files\obj\x64\debug\gat350-physics\gat350-physics.tlog\link.7956.read.1.tlog
c:\users\kay\source\repos\gat350-physics\build\build_files\obj\x64\debug\gat350-physics\gat350-physics.tlog\link.7956.read.2.tlog
c:\users\kay\source\repos\gat350-physics\build\build_files\obj\x64\debug\gat350-physics\gat350-physics.tlog\link.7956.read.3.tlog
c:\users\kay\source\repos\gat350-physics\build\build_files\obj\x64\debug\gat350-physics\gat350-physics.tlog\link.7956.read.4.tlog
c:\users\kay\source\repos\gat350-physics\build\build_files\obj\x64\debug\gat350-physics\gat350-physics.tlog\link.7956.write.1.tlog
c:\users\kay\source\repos\gat350-physics\build\build_files\obj\x64\debug\gat350-physics\gat350-physics.tlog\link.command.1.tlog
c:\users\kay\source\repos\gat350-physics\build\build_files\obj\x64\debug\gat350-physics\gat350-physics.tlog\link.read.1.tlog
c:\users\kay\source\repos\gat350-physics\build\build_files\obj\x64\debug\gat350-physics\gat350-physics.tlog\link.secondary.1.tlog
c:\users\kay\source\repos\gat350-physics\build\build_files\obj\x64\debug\gat350-physics\gat350-physics.tlog\link.write.1.tlog
